<?xml version="1.0" encoding="UTF-8"?>
<!-- Generated by org.testng.reporters.JUnitReportReporter -->
<testsuite skipped="0" hostname="DHIVYA-PC" name="week3.day3.EditLead" tests="1" failures="0" timestamp="2019-10-31T13:21:58 IST" time="123.207" errors="0">
  <testcase name="runEditLead" time="123.207" classname="week3.day3.EditLead"/>
</testsuite> <!-- week3.day3.EditLead -->
