<?xml version="1.0" encoding="UTF-8"?>
<!-- Generated by org.testng.reporters.JUnitReportReporter -->
<testsuite skipped="1" hostname="DHIVYA-PC" name="runner.runTest" tests="1" failures="0" timestamp="2019-11-07T11:42:39 IST" time="0.000" errors="0">
  <testcase name="runScenario" time="0.000" classname="runner.runTest">
    <skipped/>
  </testcase> <!-- runScenario -->
</testsuite> <!-- runner.runTest -->
